0 info it worked if it ends with ok
1 verbose cli [ '/usr/bin/node',
1 verbose cli   '/usr/bin/npm',
1 verbose cli   'install',
1 verbose cli   '-g',
1 verbose cli   'node-webkit-builder' ]
2 info using npm@1.4.28
3 info using node@v0.10.37
4 verbose node symlink /usr/bin/node
5 verbose cache add [ 'node-webkit-builder', null ]
6 verbose cache add name=undefined spec="node-webkit-builder" args=["node-webkit-builder",null]
7 verbose parsed url { protocol: null,
7 verbose parsed url   slashes: null,
7 verbose parsed url   auth: null,
7 verbose parsed url   host: null,
7 verbose parsed url   port: null,
7 verbose parsed url   hostname: null,
7 verbose parsed url   hash: null,
7 verbose parsed url   search: null,
7 verbose parsed url   query: null,
7 verbose parsed url   pathname: 'node-webkit-builder',
7 verbose parsed url   path: 'node-webkit-builder',
7 verbose parsed url   href: 'node-webkit-builder' }
8 silly lockFile 5cd26ca9-node-webkit-builder node-webkit-builder
9 verbose lock node-webkit-builder /home/zetaphor/.npm/5cd26ca9-node-webkit-builder.lock
10 silly lockFile 5cd26ca9-node-webkit-builder node-webkit-builder
11 silly lockFile 5cd26ca9-node-webkit-builder node-webkit-builder
12 verbose addNamed [ 'node-webkit-builder', '' ]
13 verbose addNamed [ null, '*' ]
14 silly lockFile 9adbe476-node-webkit-builder node-webkit-builder@
15 verbose lock node-webkit-builder@ /home/zetaphor/.npm/9adbe476-node-webkit-builder.lock
16 silly addNameRange { name: 'node-webkit-builder', range: '*', hasData: false }
17 verbose request where is /node-webkit-builder
18 verbose request registry https://registry.npmjs.org/
19 verbose request id eb7842a9c3ee134b
20 verbose url raw /node-webkit-builder
21 verbose url resolving [ 'https://registry.npmjs.org/', './node-webkit-builder' ]
22 verbose url resolved https://registry.npmjs.org/node-webkit-builder
23 verbose request where is https://registry.npmjs.org/node-webkit-builder
24 info trying registry request attempt 1 at 02:09:17
25 http GET https://registry.npmjs.org/node-webkit-builder
26 http 200 https://registry.npmjs.org/node-webkit-builder
27 silly registry.get cb [ 200,
27 silly registry.get   { server: 'CouchDB/1.5.0 (Erlang OTP/R16B03)',
27 silly registry.get     etag: '"C7ADB77N1KP8FHSMHS93HMISM"',
27 silly registry.get     'content-type': 'application/json',
27 silly registry.get     'cache-control': 'max-age=60',
27 silly registry.get     'content-length': '54550',
27 silly registry.get     'accept-ranges': 'bytes',
27 silly registry.get     date: 'Sat, 30 May 2015 06:09:23 GMT',
27 silly registry.get     via: '1.1 varnish',
27 silly registry.get     age: '0',
27 silly registry.get     connection: 'keep-alive',
27 silly registry.get     'x-served-by': 'cache-dfw1828-DFW',
27 silly registry.get     'x-cache': 'MISS',
27 silly registry.get     'x-cache-hits': '0',
27 silly registry.get     'x-timer': 'S1432966162.759633,VS0,VE271',
27 silly registry.get     vary: 'Accept' } ]
28 silly addNameRange number 2 { name: 'node-webkit-builder', range: '*', hasData: true }
29 silly addNameRange versions [ 'node-webkit-builder',
29 silly addNameRange   [ '0.0.1',
29 silly addNameRange     '0.0.2',
29 silly addNameRange     '0.0.3',
29 silly addNameRange     '0.0.4',
29 silly addNameRange     '0.1.0',
29 silly addNameRange     '0.1.1',
29 silly addNameRange     '0.1.2',
29 silly addNameRange     '0.1.3',
29 silly addNameRange     '0.1.4',
29 silly addNameRange     '0.2.0',
29 silly addNameRange     '0.3.0',
29 silly addNameRange     '0.3.1',
29 silly addNameRange     '0.3.2',
29 silly addNameRange     '0.4.0',
29 silly addNameRange     '0.4.1',
29 silly addNameRange     '1.0.0',
29 silly addNameRange     '1.0.1',
29 silly addNameRange     '1.0.2',
29 silly addNameRange     '1.0.3',
29 silly addNameRange     '1.0.4',
29 silly addNameRange     '1.0.5',
29 silly addNameRange     '1.0.6',
29 silly addNameRange     '1.0.7',
29 silly addNameRange     '1.0.8',
29 silly addNameRange     '1.0.9',
29 silly addNameRange     '1.0.10',
29 silly addNameRange     '1.1.0',
29 silly addNameRange     '1.0.11' ] ]
30 verbose addNamed [ 'node-webkit-builder', '1.0.11' ]
31 verbose addNamed [ '1.0.11', '1.0.11' ]
32 silly lockFile fa911260-node-webkit-builder-1-0-11 node-webkit-builder@1.0.11
33 verbose lock node-webkit-builder@1.0.11 /home/zetaphor/.npm/fa911260-node-webkit-builder-1-0-11.lock
34 silly lockFile 97acd411-r-node-webkit-builder-1-0-11-tgz https://registry.npmjs.org/node-webkit-builder/-/node-webkit-builder-1.0.11.tgz
35 verbose lock https://registry.npmjs.org/node-webkit-builder/-/node-webkit-builder-1.0.11.tgz /home/zetaphor/.npm/97acd411-r-node-webkit-builder-1-0-11-tgz.lock
36 verbose addRemoteTarball [ 'https://registry.npmjs.org/node-webkit-builder/-/node-webkit-builder-1.0.11.tgz',
36 verbose addRemoteTarball   '18f718d4acf077204233b86922cc26bb99a64771' ]
37 info retry fetch attempt 1 at 02:09:23
38 verbose fetch to= /tmp/npm-6973-pwrpgLzW/registry.npmjs.org/node-webkit-builder/-/node-webkit-builder-1.0.11.tgz
39 http GET https://registry.npmjs.org/node-webkit-builder/-/node-webkit-builder-1.0.11.tgz
40 http 200 https://registry.npmjs.org/node-webkit-builder/-/node-webkit-builder-1.0.11.tgz
41 silly lockFile 97acd411-r-node-webkit-builder-1-0-11-tgz https://registry.npmjs.org/node-webkit-builder/-/node-webkit-builder-1.0.11.tgz
42 silly lockFile 97acd411-r-node-webkit-builder-1-0-11-tgz https://registry.npmjs.org/node-webkit-builder/-/node-webkit-builder-1.0.11.tgz
43 silly lockFile fa911260-node-webkit-builder-1-0-11 node-webkit-builder@1.0.11
44 silly lockFile fa911260-node-webkit-builder-1-0-11 node-webkit-builder@1.0.11
45 silly lockFile 9adbe476-node-webkit-builder node-webkit-builder@
46 silly lockFile 9adbe476-node-webkit-builder node-webkit-builder@
47 silly resolved [ { name: 'node-webkit-builder',
47 silly resolved     version: '1.0.11',
47 silly resolved     description: 'node-webkit-builder',
47 silly resolved     main: 'index.js',
47 silly resolved     scripts: { test: 'colortape test/*.js' },
47 silly resolved     repository:
47 silly resolved      { type: 'git',
47 silly resolved        url: 'git://github.com/mllrsohn/node-webkit-builder.git' },
47 silly resolved     bin: { nwbuild: './bin/nwbuild' },
47 silly resolved     author: { name: 'Steffen Müller' },
47 silly resolved     license: 'MIT',
47 silly resolved     bugs: { url: 'https://github.com/mllrsohn/node-webkit-builder/issues' },
47 silly resolved     homepage: 'https://github.com/mllrsohn/node-webkit-builder',
47 silly resolved     devDependencies:
47 silly resolved      { nock: '^0.32.3',
47 silly resolved        tape: '~3.0.1',
47 silly resolved        redtape: '~1.0.0',
47 silly resolved        colortape: '~0.1.0' },
47 silly resolved     dependencies:
47 silly resolved      { archiver: '^0.13.0',
47 silly resolved        bluebird: '~1.2.2',
47 silly resolved        'decompress-zip': '0.0.8',
47 silly resolved        inherits: '~2.0.1',
47 silly resolved        lodash: '~2.4.1',
47 silly resolved        optimist: '^0.6.1',
47 silly resolved        rcedit: '0.2.0',
47 silly resolved        plist: '^1.0.0',
47 silly resolved        progress: '~1.1.7',
47 silly resolved        request: '~2.40.0',
47 silly resolved        rimraf: '^2.2.8',
47 silly resolved        semver: '^2.3.1',
47 silly resolved        'simple-glob': '~0.1.0',
47 silly resolved        'tar-fs': '^0.3.2',
47 silly resolved        temp: '~0.7.0',
47 silly resolved        'update-notifier': '^0.1.8',
47 silly resolved        winresourcer: '^0.9.0',
47 silly resolved        'platform-overrides': '~1.0.1',
47 silly resolved        'graceful-ncp': '^2.0.0',
47 silly resolved        'graceful-fs-extra': '^1.0.4' },
47 silly resolved     _id: 'node-webkit-builder@1.0.11',
47 silly resolved     dist:
47 silly resolved      { shasum: '18f718d4acf077204233b86922cc26bb99a64771',
47 silly resolved        tarball: 'http://registry.npmjs.org/node-webkit-builder/-/node-webkit-builder-1.0.11.tgz' },
47 silly resolved     _from: 'node-webkit-builder@',
47 silly resolved     _npmVersion: '1.3.26',
47 silly resolved     _npmUser: { name: 'adam-lynch', email: 'contact@adamlynch.ie' },
47 silly resolved     maintainers: [ [Object], [Object], [Object], [Object], [Object] ],
47 silly resolved     directories: {},
47 silly resolved     _shasum: '18f718d4acf077204233b86922cc26bb99a64771',
47 silly resolved     _resolved: 'https://registry.npmjs.org/node-webkit-builder/-/node-webkit-builder-1.0.11.tgz' } ]
48 info install node-webkit-builder@1.0.11 into /usr/lib
49 info installOne node-webkit-builder@1.0.11
50 verbose lib/node_modules/node-webkit-builder unbuild
51 verbose tar unpack /home/zetaphor/.npm/node-webkit-builder/1.0.11/package.tgz
52 silly lockFile e2b2c055-node-modules-node-webkit-builder tar:///usr/lib/node_modules/node-webkit-builder
53 verbose lock tar:///usr/lib/node_modules/node-webkit-builder /home/zetaphor/.npm/e2b2c055-node-modules-node-webkit-builder.lock
54 silly lockFile 621d7b6c-ebkit-builder-1-0-11-package-tgz tar:///home/zetaphor/.npm/node-webkit-builder/1.0.11/package.tgz
55 verbose lock tar:///home/zetaphor/.npm/node-webkit-builder/1.0.11/package.tgz /home/zetaphor/.npm/621d7b6c-ebkit-builder-1-0-11-package-tgz.lock
56 silly gunzTarPerm modes [ '775', '664' ]
57 error Error: EACCES, mkdir '/usr/lib/node_modules/node-webkit-builder'
57 error  { [Error: EACCES, mkdir '/usr/lib/node_modules/node-webkit-builder']
57 error   errno: 3,
57 error   code: 'EACCES',
57 error   path: '/usr/lib/node_modules/node-webkit-builder',
57 error   fstream_type: 'Directory',
57 error   fstream_path: '/usr/lib/node_modules/node-webkit-builder',
57 error   fstream_class: 'DirWriter',
57 error   fstream_stack:
57 error    [ '/usr/lib/node_modules/npm/node_modules/fstream/lib/dir-writer.js:36:23',
57 error      '/usr/lib/node_modules/npm/node_modules/mkdirp/index.js:46:53',
57 error      'Object.oncomplete (fs.js:108:15)' ] }
58 error Please try running this command again as root/Administrator.
59 error System Linux 3.13.0-53-generic
60 error command "/usr/bin/node" "/usr/bin/npm" "install" "-g" "node-webkit-builder"
61 error cwd /home/zetaphor/Git/etsy-inventory-manager
62 error node -v v0.10.37
63 error npm -v 1.4.28
64 error path /usr/lib/node_modules/node-webkit-builder
65 error fstream_path /usr/lib/node_modules/node-webkit-builder
66 error fstream_type Directory
67 error fstream_class DirWriter
68 error code EACCES
69 error errno 3
70 error stack Error: EACCES, mkdir '/usr/lib/node_modules/node-webkit-builder'
71 error fstream_stack /usr/lib/node_modules/npm/node_modules/fstream/lib/dir-writer.js:36:23
71 error fstream_stack /usr/lib/node_modules/npm/node_modules/mkdirp/index.js:46:53
71 error fstream_stack Object.oncomplete (fs.js:108:15)
72 verbose exit [ 3, true ]
